<?xml version="1.0" encoding="UTF-8"?>
<testng-results ignored="0" total="4" passed="2" failed="2" skipped="0">
  <reporter-output>
  </reporter-output>
  <suite started-at="2024-04-01T17:01:37 IST" name="Suite" finished-at="2024-04-01T17:02:15 IST" duration-ms="38125">
    <groups>
      <group name="regression">
        <method signature="TC_001RegistrationTest.verify_Account_Registration()[pri:0, instance:testCases.TC_001RegistrationTest@6f03482]" name="verify_Account_Registration" class="testCases.TC_001RegistrationTest"/>
        <method signature="TC_001RegistrationTest.verify_Account_Registration()[pri:0, instance:testCases.TC_001RegistrationTest@38afe297]" name="verify_Account_Registration" class="testCases.TC_001RegistrationTest"/>
      </group> <!-- regression -->
      <group name="sanity">
        <method signature="TC_002_LoginTest.test_LoginTest()[pri:0, instance:testCases.TC_002_LoginTest@74e52ef6]" name="test_LoginTest" class="testCases.TC_002_LoginTest"/>
        <method signature="TC_002_LoginTest.test_LoginTest()[pri:0, instance:testCases.TC_002_LoginTest@2df3b89c]" name="test_LoginTest" class="testCases.TC_002_LoginTest"/>
      </group> <!-- sanity -->
      <group name="master">
        <method signature="TC_001RegistrationTest.verify_Account_Registration()[pri:0, instance:testCases.TC_001RegistrationTest@6f03482]" name="verify_Account_Registration" class="testCases.TC_001RegistrationTest"/>
        <method signature="TC_002_LoginTest.test_LoginTest()[pri:0, instance:testCases.TC_002_LoginTest@74e52ef6]" name="test_LoginTest" class="testCases.TC_002_LoginTest"/>
        <method signature="TC_001RegistrationTest.verify_Account_Registration()[pri:0, instance:testCases.TC_001RegistrationTest@38afe297]" name="verify_Account_Registration" class="testCases.TC_001RegistrationTest"/>
        <method signature="TC_002_LoginTest.test_LoginTest()[pri:0, instance:testCases.TC_002_LoginTest@2df3b89c]" name="test_LoginTest" class="testCases.TC_002_LoginTest"/>
      </group> <!-- master -->
    </groups>
    <test started-at="2024-04-01T17:01:37 IST" name="firefox" finished-at="2024-04-01T17:02:08 IST" duration-ms="31125">
      <class name="testCases.TC_002_LoginTest">
        <test-method is-config="true" signature="setUp(java.lang.String,java.lang.String)[pri:0, instance:testCases.TC_002_LoginTest@2df3b89c]" started-at="2024-04-01T17:01:51 IST" name="setUp" finished-at="2024-04-01T17:01:56 IST" duration-ms="5207" status="PASS">
          <params>
            <param index="0">
              <value>
                <![CDATA[windows]]>
              </value>
            </param>
            <param index="1">
              <value>
                <![CDATA[firefox]]>
              </value>
            </param>
          </params>
          <reporter-output>
          </reporter-output>
        </test-method> <!-- setUp -->
        <test-method signature="test_LoginTest()[pri:0, instance:testCases.TC_002_LoginTest@2df3b89c]" started-at="2024-04-01T17:01:56 IST" name="test_LoginTest" finished-at="2024-04-01T17:02:07 IST" duration-ms="10864" status="FAIL">
          <exception class="java.lang.AssertionError">
            <message>
              <![CDATA[Login failed expected [true] but found [false]]]>
            </message>
            <full-stacktrace>
              <![CDATA[java.lang.AssertionError: Login failed expected [true] but found [false]
at org.testng.Assert.fail(Assert.java:111)
at org.testng.Assert.failNotEquals(Assert.java:1578)
at org.testng.Assert.assertEqualsImpl(Assert.java:150)
at org.testng.Assert.assertEquals(Assert.java:132)
at org.testng.Assert.assertEquals(Assert.java:1067)
at org.testng.Assert.assertEquals(Assert.java:1031)
at testCases.TC_002_LoginTest.test_LoginTest(TC_002_LoginTest.java:27)
at java.base/jdk.internal.reflect.DirectMethodHandleAccessor.invoke(DirectMethodHandleAccessor.java:103)
at java.base/java.lang.reflect.Method.invoke(Method.java:580)
at org.testng.internal.invokers.MethodInvocationHelper.invokeMethod(MethodInvocationHelper.java:139)
at org.testng.internal.invokers.TestInvoker.invokeMethod(TestInvoker.java:664)
at org.testng.internal.invokers.TestInvoker.invokeTestMethod(TestInvoker.java:228)
at org.testng.internal.invokers.MethodRunner.runInSequence(MethodRunner.java:63)
at org.testng.internal.invokers.TestInvoker$MethodInvocationAgent.invoke(TestInvoker.java:961)
at org.testng.internal.invokers.TestInvoker.invokeTestMethods(TestInvoker.java:201)
at org.testng.internal.invokers.TestMethodWorker.invokeTestMethods(TestMethodWorker.java:148)
at org.testng.internal.invokers.TestMethodWorker.run(TestMethodWorker.java:128)
at java.base/java.util.ArrayList.forEach(ArrayList.java:1596)
at org.testng.TestRunner.privateRun(TestRunner.java:819)
at org.testng.TestRunner.run(TestRunner.java:619)
at org.testng.SuiteRunner.runTest(SuiteRunner.java:443)
at org.testng.SuiteRunner$SuiteWorker.run(SuiteRunner.java:481)
at org.testng.internal.thread.ThreadUtil.lambda$execute$0(ThreadUtil.java:58)
at java.base/java.util.concurrent.FutureTask.run(FutureTask.java:317)
at java.base/java.util.concurrent.ThreadPoolExecutor.runWorker(ThreadPoolExecutor.java:1144)
at java.base/java.util.concurrent.ThreadPoolExecutor$Worker.run(ThreadPoolExecutor.java:642)
at java.base/java.lang.Thread.run(Thread.java:1583)
]]>
            </full-stacktrace>
          </exception> <!-- java.lang.AssertionError -->
          <reporter-output>
          </reporter-output>
        </test-method> <!-- test_LoginTest -->
        <test-method is-config="true" signature="tearDown()[pri:0, instance:testCases.TC_002_LoginTest@2df3b89c]" started-at="2024-04-01T17:02:07 IST" name="tearDown" finished-at="2024-04-01T17:02:08 IST" duration-ms="885" status="PASS">
          <reporter-output>
          </reporter-output>
        </test-method> <!-- tearDown -->
      </class> <!-- testCases.TC_002_LoginTest -->
      <class name="testCases.TC_001RegistrationTest">
        <test-method is-config="true" signature="setUp(java.lang.String,java.lang.String)[pri:0, instance:testCases.TC_001RegistrationTest@38afe297]" started-at="2024-04-01T17:01:37 IST" name="setUp" finished-at="2024-04-01T17:01:45 IST" duration-ms="8033" status="PASS">
          <params>
            <param index="0">
              <value>
                <![CDATA[windows]]>
              </value>
            </param>
            <param index="1">
              <value>
                <![CDATA[firefox]]>
              </value>
            </param>
          </params>
          <reporter-output>
          </reporter-output>
        </test-method> <!-- setUp -->
        <test-method signature="verify_Account_Registration()[pri:0, instance:testCases.TC_001RegistrationTest@38afe297]" started-at="2024-04-01T17:01:45 IST" name="verify_Account_Registration" finished-at="2024-04-01T17:01:50 IST" duration-ms="4998" status="PASS">
          <reporter-output>
          </reporter-output>
        </test-method> <!-- verify_Account_Registration -->
        <test-method is-config="true" signature="tearDown()[pri:0, instance:testCases.TC_001RegistrationTest@38afe297]" started-at="2024-04-01T17:01:50 IST" name="tearDown" finished-at="2024-04-01T17:01:51 IST" duration-ms="1070" status="PASS">
          <reporter-output>
          </reporter-output>
        </test-method> <!-- tearDown -->
      </class> <!-- testCases.TC_001RegistrationTest -->
    </test> <!-- firefox -->
    <test started-at="2024-04-01T17:01:37 IST" name="chrome" finished-at="2024-04-01T17:02:15 IST" duration-ms="38125">
      <class name="testCases.TC_002_LoginTest">
        <test-method is-config="true" signature="setUp(java.lang.String,java.lang.String)[pri:0, instance:testCases.TC_002_LoginTest@74e52ef6]" started-at="2024-04-01T17:02:11 IST" name="setUp" finished-at="2024-04-01T17:02:13 IST" duration-ms="2211" status="PASS">
          <params>
            <param index="0">
              <value>
                <![CDATA[windows]]>
              </value>
            </param>
            <param index="1">
              <value>
                <![CDATA[chrome]]>
              </value>
            </param>
          </params>
          <reporter-output>
          </reporter-output>
        </test-method> <!-- setUp -->
        <test-method signature="test_LoginTest()[pri:0, instance:testCases.TC_002_LoginTest@74e52ef6]" started-at="2024-04-01T17:02:13 IST" name="test_LoginTest" finished-at="2024-04-01T17:02:15 IST" duration-ms="2012" status="PASS">
          <reporter-output>
          </reporter-output>
        </test-method> <!-- test_LoginTest -->
        <test-method is-config="true" signature="tearDown()[pri:0, instance:testCases.TC_002_LoginTest@74e52ef6]" started-at="2024-04-01T17:02:15 IST" name="tearDown" finished-at="2024-04-01T17:02:15 IST" duration-ms="151" status="PASS">
          <reporter-output>
          </reporter-output>
        </test-method> <!-- tearDown -->
      </class> <!-- testCases.TC_002_LoginTest -->
      <class name="testCases.TC_001RegistrationTest">
        <test-method is-config="true" signature="setUp(java.lang.String,java.lang.String)[pri:0, instance:testCases.TC_001RegistrationTest@6f03482]" started-at="2024-04-01T17:01:37 IST" name="setUp" finished-at="2024-04-01T17:02:11 IST" duration-ms="33568" status="PASS">
          <params>
            <param index="0">
              <value>
                <![CDATA[windows]]>
              </value>
            </param>
            <param index="1">
              <value>
                <![CDATA[chrome]]>
              </value>
            </param>
          </params>
          <reporter-output>
          </reporter-output>
        </test-method> <!-- setUp -->
        <test-method signature="verify_Account_Registration()[pri:0, instance:testCases.TC_001RegistrationTest@6f03482]" started-at="2024-04-01T17:02:11 IST" name="verify_Account_Registration" finished-at="2024-04-01T17:02:11 IST" duration-ms="11" status="FAIL">
          <exception class="java.lang.AssertionError">
            <message>
              <![CDATA[null]]>
            </message>
            <full-stacktrace>
              <![CDATA[java.lang.AssertionError: null
at org.testng.Assert.fail(Assert.java:111)
at org.testng.Assert.fail(Assert.java:116)
at testCases.TC_001RegistrationTest.verify_Account_Registration(TC_001RegistrationTest.java:37)
at java.base/jdk.internal.reflect.DirectMethodHandleAccessor.invoke(DirectMethodHandleAccessor.java:103)
at java.base/java.lang.reflect.Method.invoke(Method.java:580)
at org.testng.internal.invokers.MethodInvocationHelper.invokeMethod(MethodInvocationHelper.java:139)
at org.testng.internal.invokers.TestInvoker.invokeMethod(TestInvoker.java:664)
at org.testng.internal.invokers.TestInvoker.invokeTestMethod(TestInvoker.java:228)
at org.testng.internal.invokers.MethodRunner.runInSequence(MethodRunner.java:63)
at org.testng.internal.invokers.TestInvoker$MethodInvocationAgent.invoke(TestInvoker.java:961)
at org.testng.internal.invokers.TestInvoker.invokeTestMethods(TestInvoker.java:201)
at org.testng.internal.invokers.TestMethodWorker.invokeTestMethods(TestMethodWorker.java:148)
at org.testng.internal.invokers.TestMethodWorker.run(TestMethodWorker.java:128)
at java.base/java.util.ArrayList.forEach(ArrayList.java:1596)
at org.testng.TestRunner.privateRun(TestRunner.java:819)
at org.testng.TestRunner.run(TestRunner.java:619)
at org.testng.SuiteRunner.runTest(SuiteRunner.java:443)
at org.testng.SuiteRunner$SuiteWorker.run(SuiteRunner.java:481)
at org.testng.internal.thread.ThreadUtil.lambda$execute$0(ThreadUtil.java:58)
at java.base/java.util.concurrent.FutureTask.run(FutureTask.java:317)
at java.base/java.util.concurrent.ThreadPoolExecutor.runWorker(ThreadPoolExecutor.java:1144)
at java.base/java.util.concurrent.ThreadPoolExecutor$Worker.run(ThreadPoolExecutor.java:642)
at java.base/java.lang.Thread.run(Thread.java:1583)
]]>
            </full-stacktrace>
          </exception> <!-- java.lang.AssertionError -->
          <reporter-output>
          </reporter-output>
        </test-method> <!-- verify_Account_Registration -->
        <test-method is-config="true" signature="tearDown()[pri:0, instance:testCases.TC_001RegistrationTest@6f03482]" started-at="2024-04-01T17:02:11 IST" name="tearDown" finished-at="2024-04-01T17:02:11 IST" duration-ms="135" status="PASS">
          <reporter-output>
          </reporter-output>
        </test-method> <!-- tearDown -->
      </class> <!-- testCases.TC_001RegistrationTest -->
    </test> <!-- chrome -->
  </suite> <!-- Suite -->
</testng-results>
